2011/08/29 01:21:31 [error] [exception.CHttpException.403] exception 'CHttpException' with message 'You are not authorized to perform this action.' in /var/www/yii/framework/web/auth/CAccessControlFilter.php:153
Stack trace:
#0 /var/www/yii/framework/web/auth/CAccessControlFilter.php(115): CAccessControlFilter->accessDenied(Object(CWebUser), 'You are not aut...')
#1 /var/www/yii/framework/web/filters/CFilter.php(39): CAccessControlFilter->preFilter(Object(CFilterChain))
#2 /var/www/yii/framework/web/CController.php(999): CFilter->filter(Object(CFilterChain))
#3 /var/www/yii/framework/web/filters/CInlineFilter.php(59): CController->filterAccessControl(Object(CFilterChain))
#4 /var/www/yii/framework/web/filters/CFilterChain.php(126): CInlineFilter->filter(Object(CFilterChain))
#5 /var/www/yii/framework/web/CController.php(283): CFilterChain->run()
#6 /var/www/yii/framework/web/CController.php(257): CController->runActionWithFilters(Object(CInlineAction), Array)
#7 /var/www/yii/framework/web/CWebApplication.php(320): CController->run('admin')
#8 /var/www/yii/framework/web/CWebApplication.php(120): CWebApplication->runController('motherDetails/a...')
#9 /var/www/yii/framework/base/CApplication.php(135): CWebApplication->processRequest()
#10 /var/www/imnci/index.php(12): CApplication->run()
#11 {main} REQUEST_URI=/imnci/index.php?r=motherDetails/admin
2011/08/29 01:22:35 [error] [exception.CHttpException.404] exception 'CHttpException' with message 'Unable to resolve the request "project".' in /var/www/yii/framework/web/CWebApplication.php:324
Stack trace:
#0 /var/www/yii/framework/web/CWebApplication.php(120): CWebApplication->runController('project')
#1 /var/www/yii/framework/base/CApplication.php(135): CWebApplication->processRequest()
#2 /var/www/imnci/index.php(12): CApplication->run()
#3 {main} REQUEST_URI=/imnci/index.php?r=project
2011/08/29 01:23:24 [error] [exception.CHttpException.404] exception 'CHttpException' with message 'Unable to resolve the request "project".' in /var/www/yii/framework/web/CWebApplication.php:324
Stack trace:
#0 /var/www/yii/framework/web/CWebApplication.php(120): CWebApplication->runController('project')
#1 /var/www/yii/framework/base/CApplication.php(135): CWebApplication->processRequest()
#2 /var/www/imnci/index.php(12): CApplication->run()
#3 {main} REQUEST_URI=/imnci/index.php?r=project
2011/08/29 01:23:54 [error] [exception.CHttpException.404] exception 'CHttpException' with message 'Unable to resolve the request "imnci".' in /var/www/yii/framework/web/CWebApplication.php:324
Stack trace:
#0 /var/www/yii/framework/web/CWebApplication.php(120): CWebApplication->runController('imnci')
#1 /var/www/yii/framework/base/CApplication.php(135): CWebApplication->processRequest()
#2 /var/www/imnci/index.php(12): CApplication->run()
#3 {main} REQUEST_URI=/imnci/index.php?r=imnci
2011/08/29 01:33:33 [error] [exception.CHttpException.403] exception 'CHttpException' with message 'You are not authorized to perform this action.' in /var/www/yii/framework/web/auth/CAccessControlFilter.php:153
Stack trace:
#0 /var/www/yii/framework/web/auth/CAccessControlFilter.php(115): CAccessControlFilter->accessDenied(Object(CWebUser), 'You are not aut...')
#1 /var/www/yii/framework/web/filters/CFilter.php(39): CAccessControlFilter->preFilter(Object(CFilterChain))
#2 /var/www/yii/framework/web/CController.php(999): CFilter->filter(Object(CFilterChain))
#3 /var/www/yii/framework/web/filters/CInlineFilter.php(59): CController->filterAccessControl(Object(CFilterChain))
#4 /var/www/yii/framework/web/filters/CFilterChain.php(126): CInlineFilter->filter(Object(CFilterChain))
#5 /var/www/yii/framework/web/CController.php(283): CFilterChain->run()
#6 /var/www/yii/framework/web/CController.php(257): CController->runActionWithFilters(Object(CInlineAction), Array)
#7 /var/www/yii/framework/web/CWebApplication.php(320): CController->run('admin')
#8 /var/www/yii/framework/web/CWebApplication.php(120): CWebApplication->runController('motherDetails/a...')
#9 /var/www/yii/framework/base/CApplication.php(135): CWebApplication->processRequest()
#10 /var/www/imnci/index.php(12): CApplication->run()
#11 {main} REQUEST_URI=/imnci/index.php?r=motherDetails/admin
2011/08/29 01:51:04 [error] [exception.CHttpException.403] exception 'CHttpException' with message 'You are not authorized to perform this action.' in /var/www/yii/framework/web/auth/CAccessControlFilter.php:153
Stack trace:
#0 /var/www/yii/framework/web/auth/CAccessControlFilter.php(115): CAccessControlFilter->accessDenied(Object(CWebUser), 'You are not aut...')
#1 /var/www/yii/framework/web/filters/CFilter.php(39): CAccessControlFilter->preFilter(Object(CFilterChain))
#2 /var/www/yii/framework/web/CController.php(999): CFilter->filter(Object(CFilterChain))
#3 /var/www/yii/framework/web/filters/CInlineFilter.php(59): CController->filterAccessControl(Object(CFilterChain))
#4 /var/www/yii/framework/web/filters/CFilterChain.php(126): CInlineFilter->filter(Object(CFilterChain))
#5 /var/www/yii/framework/web/CController.php(283): CFilterChain->run()
#6 /var/www/yii/framework/web/CController.php(257): CController->runActionWithFilters(Object(CInlineAction), Array)
#7 /var/www/yii/framework/web/CWebApplication.php(320): CController->run('admin')
#8 /var/www/yii/framework/web/CWebApplication.php(120): CWebApplication->runController('motherDetails/a...')
#9 /var/www/yii/framework/base/CApplication.php(135): CWebApplication->processRequest()
#10 /var/www/imnci/index.php(12): CApplication->run()
#11 {main} REQUEST_URI=/imnci/index.php?r=motherDetails/admin
2011/08/31 11:13:54 [error] [exception.CDbException] exception 'CDbException' with message 'CDbConnection failed to open the DB connection: SQLSTATE[HY000] [2002] Can't connect to local MySQL server through socket '/var/run/mysqld/mysqld.sock' (2)' in /var/www/yii/framework/db/CDbConnection.php:267
Stack trace:
#0 /var/www/yii/framework/db/CDbConnection.php(242): CDbConnection->open()
#1 /var/www/yii/framework/db/CDbConnection.php(221): CDbConnection->setActive(true)
#2 /var/www/yii/framework/base/CModule.php(363): CDbConnection->init()
#3 /var/www/yii/framework/base/CApplication.php(391): CModule->getComponent('db')
#4 /var/www/yii/framework/db/ar/CActiveRecord.php(542): CApplication->getDb()
#5 /var/www/yii/framework/db/ar/CActiveRecord.php(1975): CActiveRecord->getDbConnection()
#6 /var/www/yii/framework/db/ar/CActiveRecord.php(342): CActiveRecordMetaData->__construct(Object(MotherDetails))
#7 /var/www/yii/framework/web/CActiveDataProvider.php(132): CActiveRecord::model('MotherDetails')
#8 /var/www/yii/framework/web/CDataProvider.php(174): CActiveDataProvider->calculateTotalItemCount()
#9 /var/www/yii/framework/web/CActiveDataProvider.php(97): CDataProvider->getTotalItemCount()
#10 /var/www/yii/framework/web/CDataProvider.php(120): CActiveDataProvider->fetchData()
#11 /var/www/yii/framework/zii/widgets/CBaseListView.php(99): CDataProvider->getData()
#12 /var/www/yii/framework/zii/widgets/CListView.php(151): CBaseListView->init()
#13 /var/www/yii/framework/web/CBaseController.php(148): CListView->init()
#14 /var/www/yii/framework/web/CBaseController.php(173): CBaseController->createWidget('zii.widgets.CLi...', Array)
#15 /var/www/imnci/protected/views/motherDetails/index.php(17): CBaseController->widget('zii.widgets.CLi...', Array)
#16 /var/www/yii/framework/web/CBaseController.php(119): require('/var/www/imnci/...')
#17 /var/www/yii/framework/web/CBaseController.php(88): CBaseController->renderInternal('/var/www/imnci/...', Array, true)
#18 /var/www/yii/framework/web/CController.php(748): CBaseController->renderFile('/var/www/imnci/...', Array, true)
#19 /var/www/yii/framework/web/CController.php(687): CController->renderPartial('index', Array, true)
#20 /var/www/imnci/protected/controllers/MotherDetailsController.php(135): CController->render('index', Array)
#21 /var/www/yii/framework/web/actions/CInlineAction.php(32): MotherDetailsController->actionIndex()
#22 /var/www/yii/framework/web/CController.php(300): CInlineAction->run()
#23 /var/www/yii/framework/web/filters/CFilterChain.php(129): CController->runAction(Object(CInlineAction))
#24 /var/www/yii/framework/web/filters/CFilter.php(41): CFilterChain->run()
#25 /var/www/yii/framework/web/CController.php(999): CFilter->filter(Object(CFilterChain))
#26 /var/www/yii/framework/web/filters/CInlineFilter.php(59): CController->filterAccessControl(Object(CFilterChain))
#27 /var/www/yii/framework/web/filters/CFilterChain.php(126): CInlineFilter->filter(Object(CFilterChain))
#28 /var/www/yii/framework/web/CController.php(283): CFilterChain->run()
#29 /var/www/yii/framework/web/CController.php(257): CController->runActionWithFilters(Object(CInlineAction), Array)
#30 /var/www/yii/framework/web/CWebApplication.php(320): CController->run('')
#31 /var/www/yii/framework/web/CWebApplication.php(120): CWebApplication->runController('motherDetails')
#32 /var/www/yii/framework/base/CApplication.php(135): CWebApplication->processRequest()
#33 /var/www/imnci/index.php(12): CApplication->run()
#34 {main} REQUEST_URI=/imnci/index.php?r=motherDetails
2011/09/01 19:15:58 [error] [exception.CHttpException.403] exception 'CHttpException' with message 'You are not authorized to perform this action.' in /var/www/yii/framework/web/auth/CAccessControlFilter.php:153
Stack trace:
#0 /var/www/yii/framework/web/auth/CAccessControlFilter.php(115): CAccessControlFilter->accessDenied(Object(CWebUser), 'You are not aut...')
#1 /var/www/yii/framework/web/filters/CFilter.php(39): CAccessControlFilter->preFilter(Object(CFilterChain))
#2 /var/www/yii/framework/web/CController.php(999): CFilter->filter(Object(CFilterChain))
#3 /var/www/yii/framework/web/filters/CInlineFilter.php(59): CController->filterAccessControl(Object(CFilterChain))
#4 /var/www/yii/framework/web/filters/CFilterChain.php(126): CInlineFilter->filter(Object(CFilterChain))
#5 /var/www/yii/framework/web/CController.php(283): CFilterChain->run()
#6 /var/www/yii/framework/web/CController.php(257): CController->runActionWithFilters(Object(CInlineAction), Array)
#7 /var/www/yii/framework/web/CWebApplication.php(320): CController->run('admin')
#8 /var/www/yii/framework/web/CWebApplication.php(120): CWebApplication->runController('healthProvider/...')
#9 /var/www/yii/framework/base/CApplication.php(135): CWebApplication->processRequest()
#10 /var/www/imnci/index.php(12): CApplication->run()
#11 {main} REQUEST_URI=/imnci/index.php?r=healthProvider/admin
2011/09/02 02:52:26 [error] [system.db.CDbCommand] Error in executing SQL: INSERT INTO `mother_details` (`hp_id`, `name`, `husband_name`, `phone`, `dob`, `jsy_beneficiary`, `caste`, `address`) VALUES (:yp0, :yp1, :yp2, :yp3, :yp4, :yp5, :yp6, :yp7)
in /var/www/imnci/protected/controllers/MotherDetailsController.php (76)
in /var/www/imnci/index.php (12)
2011/09/02 02:52:26 [error] [exception.CDbException] exception 'CDbException' with message 'CDbCommand failed to execute the SQL statement: SQLSTATE[23000]: Integrity constraint violation: 1452 Cannot add or update a child row: a foreign key constraint fails (`imnci`.`mother_details`, CONSTRAINT `FK_mother_hp` FOREIGN KEY (`hp_id`) REFERENCES `health_provider` (`id`) ON DELETE CASCADE)' in /var/www/yii/framework/db/CDbCommand.php:227
Stack trace:
#0 /var/www/yii/framework/db/ar/CActiveRecord.php(954): CDbCommand->execute()
#1 /var/www/yii/framework/db/ar/CActiveRecord.php(713): CActiveRecord->insert(NULL)
#2 /var/www/imnci/protected/controllers/MotherDetailsController.php(76): CActiveRecord->save()
#3 /var/www/yii/framework/web/actions/CInlineAction.php(32): MotherDetailsController->actionCreate()
#4 /var/www/yii/framework/web/CController.php(300): CInlineAction->run()
#5 /var/www/yii/framework/web/filters/CFilterChain.php(129): CController->runAction(Object(CInlineAction))
#6 /var/www/yii/framework/web/filters/CFilter.php(41): CFilterChain->run()
#7 /var/www/yii/framework/web/CController.php(999): CFilter->filter(Object(CFilterChain))
#8 /var/www/yii/framework/web/filters/CInlineFilter.php(59): CController->filterAccessControl(Object(CFilterChain))
#9 /var/www/yii/framework/web/filters/CFilterChain.php(126): CInlineFilter->filter(Object(CFilterChain))
#10 /var/www/yii/framework/web/CController.php(283): CFilterChain->run()
#11 /var/www/yii/framework/web/CController.php(257): CController->runActionWithFilters(Object(CInlineAction), Array)
#12 /var/www/yii/framework/web/CWebApplication.php(320): CController->run('create')
#13 /var/www/yii/framework/web/CWebApplication.php(120): CWebApplication->runController('motherDetails/c...')
#14 /var/www/yii/framework/base/CApplication.php(135): CWebApplication->processRequest()
#15 /var/www/imnci/index.php(12): CApplication->run()
#16 {main} REQUEST_URI=/imnci/index.php?r=motherDetails/create
2011/09/02 03:21:19 [error] [system.db.CDbCommand] Error in executing SQL: INSERT INTO `health_provider` (`sub_center_name`, `anm_name`, `anm_number`, `asso_asha_name`, `asha_number`, `facility`) VALUES (:yp0, :yp1, :yp2, :yp3, :yp4, :yp5)
in /var/www/imnci/protected/controllers/HealthProviderController.php (76)
in /var/www/imnci/index.php (12)
2011/09/02 03:21:19 [error] [exception.CDbException] exception 'CDbException' with message 'CDbCommand failed to execute the SQL statement: SQLSTATE[23000]: Integrity constraint violation: 1062 Duplicate entry '' for key 'PRIMARY'' in /var/www/yii/framework/db/CDbCommand.php:227
Stack trace:
#0 /var/www/yii/framework/db/ar/CActiveRecord.php(954): CDbCommand->execute()
#1 /var/www/yii/framework/db/ar/CActiveRecord.php(713): CActiveRecord->insert(NULL)
#2 /var/www/imnci/protected/controllers/HealthProviderController.php(76): CActiveRecord->save()
#3 /var/www/yii/framework/web/actions/CInlineAction.php(32): HealthProviderController->actionCreate()
#4 /var/www/yii/framework/web/CController.php(300): CInlineAction->run()
#5 /var/www/yii/framework/web/filters/CFilterChain.php(129): CController->runAction(Object(CInlineAction))
#6 /var/www/yii/framework/web/filters/CFilter.php(41): CFilterChain->run()
#7 /var/www/yii/framework/web/CController.php(999): CFilter->filter(Object(CFilterChain))
#8 /var/www/yii/framework/web/filters/CInlineFilter.php(59): CController->filterAccessControl(Object(CFilterChain))
#9 /var/www/yii/framework/web/filters/CFilterChain.php(126): CInlineFilter->filter(Object(CFilterChain))
#10 /var/www/yii/framework/web/CController.php(283): CFilterChain->run()
#11 /var/www/yii/framework/web/CController.php(257): CController->runActionWithFilters(Object(CInlineAction), Array)
#12 /var/www/yii/framework/web/CWebApplication.php(320): CController->run('create')
#13 /var/www/yii/framework/web/CWebApplication.php(120): CWebApplication->runController('healthProvider/...')
#14 /var/www/yii/framework/base/CApplication.php(135): CWebApplication->processRequest()
#15 /var/www/imnci/index.php(12): CApplication->run()
#16 {main} REQUEST_URI=/imnci/index.php?r=healthProvider/create
2011/09/02 03:32:10 [error] [system.db.CDbCommand] Error in executing SQL: INSERT INTO `health_provider` (`id`, `sub_center_name`, `anm_name`, `anm_number`, `asso_asha_name`, `asha_number`, `facility`) VALUES (:yp0, :yp1, :yp2, :yp3, :yp4, :yp5, :yp6)
in /var/www/imnci/protected/controllers/HealthProviderController.php (76)
in /var/www/imnci/index.php (12)
2011/09/02 03:32:10 [error] [exception.CDbException] exception 'CDbException' with message 'CDbCommand failed to execute the SQL statement: SQLSTATE[23000]: Integrity constraint violation: 1062 Duplicate entry '' for key 'PRIMARY'' in /var/www/yii/framework/db/CDbCommand.php:227
Stack trace:
#0 /var/www/yii/framework/db/ar/CActiveRecord.php(954): CDbCommand->execute()
#1 /var/www/yii/framework/db/ar/CActiveRecord.php(713): CActiveRecord->insert(NULL)
#2 /var/www/imnci/protected/controllers/HealthProviderController.php(76): CActiveRecord->save()
#3 /var/www/yii/framework/web/actions/CInlineAction.php(32): HealthProviderController->actionCreate()
#4 /var/www/yii/framework/web/CController.php(300): CInlineAction->run()
#5 /var/www/yii/framework/web/filters/CFilterChain.php(129): CController->runAction(Object(CInlineAction))
#6 /var/www/yii/framework/web/filters/CFilter.php(41): CFilterChain->run()
#7 /var/www/yii/framework/web/CController.php(999): CFilter->filter(Object(CFilterChain))
#8 /var/www/yii/framework/web/filters/CInlineFilter.php(59): CController->filterAccessControl(Object(CFilterChain))
#9 /var/www/yii/framework/web/filters/CFilterChain.php(126): CInlineFilter->filter(Object(CFilterChain))
#10 /var/www/yii/framework/web/CController.php(283): CFilterChain->run()
#11 /var/www/yii/framework/web/CController.php(257): CController->runActionWithFilters(Object(CInlineAction), Array)
#12 /var/www/yii/framework/web/CWebApplication.php(320): CController->run('create')
#13 /var/www/yii/framework/web/CWebApplication.php(120): CWebApplication->runController('healthProvider/...')
#14 /var/www/yii/framework/base/CApplication.php(135): CWebApplication->processRequest()
#15 /var/www/imnci/index.php(12): CApplication->run()
#16 {main} REQUEST_URI=/imnci/index.php?r=healthProvider/create
2011/09/02 04:03:33 [error] [system.db.CDbCommand] Error in executing SQL: INSERT INTO `mother_details` (`hp_id`, `name`, `husband_name`, `phone`, `dob`, `jsy_beneficiary`, `caste`, `address`) VALUES (:yp0, :yp1, :yp2, :yp3, :yp4, :yp5, :yp6, :yp7)
in /var/www/imnci/protected/controllers/MotherDetailsController.php (76)
in /var/www/imnci/index.php (12)
2011/09/02 04:03:33 [error] [exception.CDbException] exception 'CDbException' with message 'CDbCommand failed to execute the SQL statement: SQLSTATE[23000]: Integrity constraint violation: 1452 Cannot add or update a child row: a foreign key constraint fails (`imnci`.`mother_details`, CONSTRAINT `FK_mother_hp` FOREIGN KEY (`hp_id`) REFERENCES `health_provider` (`id`) ON DELETE CASCADE)' in /var/www/yii/framework/db/CDbCommand.php:227
Stack trace:
#0 /var/www/yii/framework/db/ar/CActiveRecord.php(954): CDbCommand->execute()
#1 /var/www/yii/framework/db/ar/CActiveRecord.php(713): CActiveRecord->insert(NULL)
#2 /var/www/imnci/protected/controllers/MotherDetailsController.php(76): CActiveRecord->save()
#3 /var/www/yii/framework/web/actions/CInlineAction.php(32): MotherDetailsController->actionCreate()
#4 /var/www/yii/framework/web/CController.php(300): CInlineAction->run()
#5 /var/www/yii/framework/web/filters/CFilterChain.php(129): CController->runAction(Object(CInlineAction))
#6 /var/www/yii/framework/web/filters/CFilter.php(41): CFilterChain->run()
#7 /var/www/yii/framework/web/CController.php(999): CFilter->filter(Object(CFilterChain))
#8 /var/www/yii/framework/web/filters/CInlineFilter.php(59): CController->filterAccessControl(Object(CFilterChain))
#9 /var/www/yii/framework/web/filters/CFilterChain.php(126): CInlineFilter->filter(Object(CFilterChain))
#10 /var/www/yii/framework/web/CController.php(283): CFilterChain->run()
#11 /var/www/yii/framework/web/CController.php(257): CController->runActionWithFilters(Object(CInlineAction), Array)
#12 /var/www/yii/framework/web/CWebApplication.php(320): CController->run('create')
#13 /var/www/yii/framework/web/CWebApplication.php(120): CWebApplication->runController('motherDetails/c...')
#14 /var/www/yii/framework/base/CApplication.php(135): CWebApplication->processRequest()
#15 /var/www/imnci/index.php(12): CApplication->run()
#16 {main} REQUEST_URI=/imnci/index.php?r=motherDetails/create
2011/09/03 05:07:38 [error] [exception.CHttpException.404] exception 'CHttpException' with message 'The requested health provider doesnot exist.' in /var/www/imnci/protected/controllers/MotherDetailsController.php:43
Stack trace:
#0 /var/www/imnci/protected/controllers/MotherDetailsController.php(59): MotherDetailsController->loadHP(NULL)
#1 /var/www/yii/framework/web/filters/CInlineFilter.php(59): MotherDetailsController->filterHPContext(Object(CFilterChain))
#2 /var/www/yii/framework/web/filters/CFilterChain.php(126): CInlineFilter->filter(Object(CFilterChain))
#3 /var/www/yii/framework/web/filters/CFilter.php(41): CFilterChain->run()
#4 /var/www/yii/framework/web/CController.php(999): CFilter->filter(Object(CFilterChain))
#5 /var/www/yii/framework/web/filters/CInlineFilter.php(59): CController->filterAccessControl(Object(CFilterChain))
#6 /var/www/yii/framework/web/filters/CFilterChain.php(126): CInlineFilter->filter(Object(CFilterChain))
#7 /var/www/yii/framework/web/CController.php(283): CFilterChain->run()
#8 /var/www/yii/framework/web/CController.php(257): CController->runActionWithFilters(Object(CInlineAction), Array)
#9 /var/www/yii/framework/web/CWebApplication.php(320): CController->run('create')
#10 /var/www/yii/framework/web/CWebApplication.php(120): CWebApplication->runController('motherDetails/c...')
#11 /var/www/yii/framework/base/CApplication.php(135): CWebApplication->processRequest()
#12 /var/www/imnci/index.php(12): CApplication->run()
#13 {main} REQUEST_URI=/imnci/index.php?r=motherDetails/create
2011/09/03 05:10:34 [error] [exception.CHttpException.404] exception 'CHttpException' with message 'The requested health provider doesnot exist.' in /var/www/imnci/protected/controllers/MotherDetailsController.php:43
Stack trace:
#0 /var/www/imnci/protected/controllers/MotherDetailsController.php(59): MotherDetailsController->loadHP(NULL)
#1 /var/www/yii/framework/web/filters/CInlineFilter.php(59): MotherDetailsController->filterHPContext(Object(CFilterChain))
#2 /var/www/yii/framework/web/filters/CFilterChain.php(126): CInlineFilter->filter(Object(CFilterChain))
#3 /var/www/yii/framework/web/filters/CFilter.php(41): CFilterChain->run()
#4 /var/www/yii/framework/web/CController.php(999): CFilter->filter(Object(CFilterChain))
#5 /var/www/yii/framework/web/filters/CInlineFilter.php(59): CController->filterAccessControl(Object(CFilterChain))
#6 /var/www/yii/framework/web/filters/CFilterChain.php(126): CInlineFilter->filter(Object(CFilterChain))
#7 /var/www/yii/framework/web/CController.php(283): CFilterChain->run()
#8 /var/www/yii/framework/web/CController.php(257): CController->runActionWithFilters(Object(CInlineAction), Array)
#9 /var/www/yii/framework/web/CWebApplication.php(320): CController->run('create')
#10 /var/www/yii/framework/web/CWebApplication.php(120): CWebApplication->runController('motherDetails/c...')
#11 /var/www/yii/framework/base/CApplication.php(135): CWebApplication->processRequest()
#12 /var/www/imnci/index.php(12): CApplication->run()
#13 {main} REQUEST_URI=/imnci/index.php?r=motherDetails/create
2011/09/03 05:11:14 [error] [exception.CHttpException.404] exception 'CHttpException' with message 'The requested health provider doesnot exist.' in /var/www/imnci/protected/controllers/MotherDetailsController.php:43
Stack trace:
#0 /var/www/imnci/protected/controllers/MotherDetailsController.php(59): MotherDetailsController->loadHP(NULL)
#1 /var/www/yii/framework/web/filters/CInlineFilter.php(59): MotherDetailsController->filterHPContext(Object(CFilterChain))
#2 /var/www/yii/framework/web/filters/CFilterChain.php(126): CInlineFilter->filter(Object(CFilterChain))
#3 /var/www/yii/framework/web/filters/CFilter.php(41): CFilterChain->run()
#4 /var/www/yii/framework/web/CController.php(999): CFilter->filter(Object(CFilterChain))
#5 /var/www/yii/framework/web/filters/CInlineFilter.php(59): CController->filterAccessControl(Object(CFilterChain))
#6 /var/www/yii/framework/web/filters/CFilterChain.php(126): CInlineFilter->filter(Object(CFilterChain))
#7 /var/www/yii/framework/web/CController.php(283): CFilterChain->run()
#8 /var/www/yii/framework/web/CController.php(257): CController->runActionWithFilters(Object(CInlineAction), Array)
#9 /var/www/yii/framework/web/CWebApplication.php(320): CController->run('create')
#10 /var/www/yii/framework/web/CWebApplication.php(120): CWebApplication->runController('motherDetails/c...')
#11 /var/www/yii/framework/base/CApplication.php(135): CWebApplication->processRequest()
#12 /var/www/imnci/index.php(12): CApplication->run()
#13 {main} REQUEST_URI=/imnci/index.php?r=motherDetails/create
2011/09/03 05:12:42 [error] [exception.CHttpException.404] exception 'CHttpException' with message 'The requested health provider doesnot exist.' in /var/www/imnci/protected/controllers/MotherDetailsController.php:43
Stack trace:
#0 /var/www/imnci/protected/controllers/MotherDetailsController.php(59): MotherDetailsController->loadHP(NULL)
#1 /var/www/yii/framework/web/filters/CInlineFilter.php(59): MotherDetailsController->filterHPContext(Object(CFilterChain))
#2 /var/www/yii/framework/web/filters/CFilterChain.php(126): CInlineFilter->filter(Object(CFilterChain))
#3 /var/www/yii/framework/web/filters/CFilter.php(41): CFilterChain->run()
#4 /var/www/yii/framework/web/CController.php(999): CFilter->filter(Object(CFilterChain))
#5 /var/www/yii/framework/web/filters/CInlineFilter.php(59): CController->filterAccessControl(Object(CFilterChain))
#6 /var/www/yii/framework/web/filters/CFilterChain.php(126): CInlineFilter->filter(Object(CFilterChain))
#7 /var/www/yii/framework/web/CController.php(283): CFilterChain->run()
#8 /var/www/yii/framework/web/CController.php(257): CController->runActionWithFilters(Object(CInlineAction), Array)
#9 /var/www/yii/framework/web/CWebApplication.php(320): CController->run('create')
#10 /var/www/yii/framework/web/CWebApplication.php(120): CWebApplication->runController('motherDetails/c...')
#11 /var/www/yii/framework/base/CApplication.php(135): CWebApplication->processRequest()
#12 /var/www/imnci/index.php(12): CApplication->run()
#13 {main} REQUEST_URI=/imnci/index.php?r=motherDetails/create&pid=101
2011/09/03 05:32:30 [error] [exception.CHttpException.404] exception 'CHttpException' with message 'The requested page does not exist.' in /var/www/imnci/protected/controllers/HealthProviderController.php:163
Stack trace:
#0 /var/www/imnci/protected/controllers/HealthProviderController.php(58): HealthProviderController->loadModel()
#1 /var/www/yii/framework/web/actions/CInlineAction.php(32): HealthProviderController->actionView()
#2 /var/www/yii/framework/web/CController.php(300): CInlineAction->run()
#3 /var/www/yii/framework/web/filters/CFilterChain.php(129): CController->runAction(Object(CInlineAction))
#4 /var/www/yii/framework/web/filters/CFilter.php(41): CFilterChain->run()
#5 /var/www/yii/framework/web/CController.php(999): CFilter->filter(Object(CFilterChain))
#6 /var/www/yii/framework/web/filters/CInlineFilter.php(59): CController->filterAccessControl(Object(CFilterChain))
#7 /var/www/yii/framework/web/filters/CFilterChain.php(126): CInlineFilter->filter(Object(CFilterChain))
#8 /var/www/yii/framework/web/CController.php(283): CFilterChain->run()
#9 /var/www/yii/framework/web/CController.php(257): CController->runActionWithFilters(Object(CInlineAction), Array)
#10 /var/www/yii/framework/web/CWebApplication.php(320): CController->run('view')
#11 /var/www/yii/framework/web/CWebApplication.php(120): CWebApplication->runController('healthProvider/...')
#12 /var/www/yii/framework/base/CApplication.php(135): CWebApplication->processRequest()
#13 /var/www/imnci/index.php(12): CApplication->run()
#14 {main} REQUEST_URI=/imnci/index.php?r=healthProvider/view
2011/09/03 05:32:56 [error] [exception.CHttpException.403] exception 'CHttpException' with message 'You are not authorized to perform this action.' in /var/www/yii/framework/web/auth/CAccessControlFilter.php:153
Stack trace:
#0 /var/www/yii/framework/web/auth/CAccessControlFilter.php(115): CAccessControlFilter->accessDenied(Object(CWebUser), 'You are not aut...')
#1 /var/www/yii/framework/web/filters/CFilter.php(39): CAccessControlFilter->preFilter(Object(CFilterChain))
#2 /var/www/yii/framework/web/CController.php(999): CFilter->filter(Object(CFilterChain))
#3 /var/www/yii/framework/web/filters/CInlineFilter.php(59): CController->filterAccessControl(Object(CFilterChain))
#4 /var/www/yii/framework/web/filters/CFilterChain.php(126): CInlineFilter->filter(Object(CFilterChain))
#5 /var/www/yii/framework/web/CController.php(283): CFilterChain->run()
#6 /var/www/yii/framework/web/CController.php(257): CController->runActionWithFilters(Object(CInlineAction), Array)
#7 /var/www/yii/framework/web/CWebApplication.php(320): CController->run('admin')
#8 /var/www/yii/framework/web/CWebApplication.php(120): CWebApplication->runController('healthProvider/...')
#9 /var/www/yii/framework/base/CApplication.php(135): CWebApplication->processRequest()
#10 /var/www/imnci/index.php(12): CApplication->run()
#11 {main} REQUEST_URI=/imnci/index.php?r=healthProvider/admin
2011/09/03 05:36:44 [error] [exception.CException] exception 'CException' with message 'Property "HealthProvider.hp_id" is not defined.' in /var/www/yii/framework/base/CComponent.php:131
Stack trace:
#0 /var/www/yii/framework/db/ar/CActiveRecord.php(107): CComponent->__get('hp_id')
#1 /var/www/imnci/protected/views/healthProvider/view.php(13): CActiveRecord->__get('hp_id')
#2 /var/www/yii/framework/web/CBaseController.php(119): require('/var/www/imnci/...')
#3 /var/www/yii/framework/web/CBaseController.php(88): CBaseController->renderInternal('/var/www/imnci/...', Array, true)
#4 /var/www/yii/framework/web/CController.php(748): CBaseController->renderFile('/var/www/imnci/...', Array, true)
#5 /var/www/yii/framework/web/CController.php(687): CController->renderPartial('view', Array, true)
#6 /var/www/imnci/protected/controllers/HealthProviderController.php(59): CController->render('view', Array)
#7 /var/www/yii/framework/web/actions/CInlineAction.php(32): HealthProviderController->actionView()
#8 /var/www/yii/framework/web/CController.php(300): CInlineAction->run()
#9 /var/www/yii/framework/web/filters/CFilterChain.php(129): CController->runAction(Object(CInlineAction))
#10 /var/www/yii/framework/web/filters/CFilter.php(41): CFilterChain->run()
#11 /var/www/yii/framework/web/CController.php(999): CFilter->filter(Object(CFilterChain))
#12 /var/www/yii/framework/web/filters/CInlineFilter.php(59): CController->filterAccessControl(Object(CFilterChain))
#13 /var/www/yii/framework/web/filters/CFilterChain.php(126): CInlineFilter->filter(Object(CFilterChain))
#14 /var/www/yii/framework/web/CController.php(283): CFilterChain->run()
#15 /var/www/yii/framework/web/CController.php(257): CController->runActionWithFilters(Object(CInlineAction), Array)
#16 /var/www/yii/framework/web/CWebApplication.php(320): CController->run('view')
#17 /var/www/yii/framework/web/CWebApplication.php(120): CWebApplication->runController('healthProvider/...')
#18 /var/www/yii/framework/base/CApplication.php(135): CWebApplication->processRequest()
#19 /var/www/imnci/index.php(12): CApplication->run()
#20 {main} REQUEST_URI=/imnci/index.php?r=healthProvider/view&id=101
